mode: set
gophkeeper/internal/crypto/encryption.go:20.42,25.2 2 1
gophkeeper/internal/crypto/encryption.go:28.63,30.16 2 1
gophkeeper/internal/crypto/encryption.go:30.16,32.3 1 0
gophkeeper/internal/crypto/encryption.go:34.2,35.16 2 1
gophkeeper/internal/crypto/encryption.go:35.16,37.3 1 0
gophkeeper/internal/crypto/encryption.go:39.2,40.59 2 1
gophkeeper/internal/crypto/encryption.go:40.59,42.3 1 0
gophkeeper/internal/crypto/encryption.go:44.2,45.24 2 1
gophkeeper/internal/crypto/encryption.go:49.64,51.16 2 1
gophkeeper/internal/crypto/encryption.go:51.16,53.3 1 0
gophkeeper/internal/crypto/encryption.go:55.2,56.16 2 1
gophkeeper/internal/crypto/encryption.go:56.16,58.3 1 0
gophkeeper/internal/crypto/encryption.go:60.2,61.33 2 1
gophkeeper/internal/crypto/encryption.go:61.33,63.3 1 0
gophkeeper/internal/crypto/encryption.go:65.2,67.16 3 1
gophkeeper/internal/crypto/encryption.go:67.16,69.3 1 1
gophkeeper/internal/crypto/encryption.go:71.2,71.23 1 1
gophkeeper/internal/crypto/encryption.go:75.69,77.16 2 1
gophkeeper/internal/crypto/encryption.go:77.16,79.3 1 0
gophkeeper/internal/crypto/encryption.go:80.2,80.58 1 1
gophkeeper/internal/crypto/encryption.go:84.70,86.16 2 1
gophkeeper/internal/crypto/encryption.go:86.16,88.3 1 0
gophkeeper/internal/crypto/encryption.go:90.2,91.16 2 1
gophkeeper/internal/crypto/encryption.go:91.16,93.3 1 1
gophkeeper/internal/crypto/encryption.go:95.2,95.31 1 1
gophkeeper/internal/crypto/hash.go:12.52,14.43 2 1
gophkeeper/internal/crypto/hash.go:14.43,16.3 1 0
gophkeeper/internal/crypto/hash.go:18.2,22.57 3 1
gophkeeper/internal/crypto/hash.go:26.68,28.16 2 1
gophkeeper/internal/crypto/hash.go:28.16,30.3 1 1
gophkeeper/internal/crypto/hash.go:32.2,32.23 1 1
gophkeeper/internal/crypto/hash.go:32.23,34.3 1 0
gophkeeper/internal/crypto/hash.go:36.2,42.33 4 1
gophkeeper/internal/crypto/hash.go:42.33,43.33 1 1
gophkeeper/internal/crypto/hash.go:43.33,45.4 1 1
gophkeeper/internal/crypto/hash.go:48.2,48.18 1 1
gophkeeper/internal/crypto/jwt.go:28.50,32.2 1 1
gophkeeper/internal/crypto/jwt.go:35.103,50.16 5 1
gophkeeper/internal/crypto/jwt.go:50.16,52.3 1 0
gophkeeper/internal/crypto/jwt.go:54.2,55.16 2 1
gophkeeper/internal/crypto/jwt.go:55.16,57.3 1 0
gophkeeper/internal/crypto/jwt.go:59.2,67.42 6 1
gophkeeper/internal/crypto/jwt.go:71.70,73.21 2 1
gophkeeper/internal/crypto/jwt.go:73.21,75.3 1 1
gophkeeper/internal/crypto/jwt.go:77.2,79.16 3 1
gophkeeper/internal/crypto/jwt.go:79.16,81.3 1 0
gophkeeper/internal/crypto/jwt.go:83.2,83.44 1 1
gophkeeper/internal/crypto/jwt.go:83.44,85.3 1 1
gophkeeper/internal/crypto/jwt.go:87.2,88.16 2 1
gophkeeper/internal/crypto/jwt.go:88.16,90.3 1 0
gophkeeper/internal/crypto/jwt.go:92.2,93.60 2 1
gophkeeper/internal/crypto/jwt.go:93.60,95.3 1 0
gophkeeper/internal/crypto/jwt.go:97.2,97.42 1 1
gophkeeper/internal/crypto/jwt.go:97.42,99.3 1 1
gophkeeper/internal/crypto/jwt.go:101.2,101.21 1 1
gophkeeper/internal/crypto/jwt.go:105.50,109.2 3 1
gophkeeper/internal/crypto/jwt.go:112.77,115.2 2 1
gophkeeper/internal/models/response.go:20.55,25.2 1 1
gophkeeper/internal/models/response.go:28.63,34.2 1 1
gophkeeper/internal/database/data.go:13.63,19.16 4 0
gophkeeper/internal/database/data.go:19.16,21.3 1 0
gophkeeper/internal/database/data.go:23.2,26.12 4 0
gophkeeper/internal/database/data.go:30.72,40.16 4 0
gophkeeper/internal/database/data.go:40.16,41.27 1 0
gophkeeper/internal/database/data.go:41.27,43.4 1 0
gophkeeper/internal/database/data.go:44.3,44.63 1 0
gophkeeper/internal/database/data.go:47.2,47.18 1 0
gophkeeper/internal/database/data.go:51.81,56.16 3 0
gophkeeper/internal/database/data.go:56.16,58.3 1 0
gophkeeper/internal/database/data.go:59.2,62.18 3 0
gophkeeper/internal/database/data.go:62.18,68.17 3 0
gophkeeper/internal/database/data.go:68.17,70.4 1 0
gophkeeper/internal/database/data.go:71.3,71.36 1 0
gophkeeper/internal/database/data.go:74.2,74.22 1 0
gophkeeper/internal/database/data.go:78.103,83.16 3 0
gophkeeper/internal/database/data.go:83.16,85.3 1 0
gophkeeper/internal/database/data.go:86.2,89.18 3 0
gophkeeper/internal/database/data.go:89.18,95.17 3 0
gophkeeper/internal/database/data.go:95.17,97.4 1 0
gophkeeper/internal/database/data.go:98.3,98.36 1 0
gophkeeper/internal/database/data.go:101.2,101.22 1 0
gophkeeper/internal/database/data.go:105.63,115.16 7 0
gophkeeper/internal/database/data.go:115.16,117.3 1 0
gophkeeper/internal/database/data.go:119.2,119.12 1 0
gophkeeper/internal/database/data.go:123.49,127.16 3 0
gophkeeper/internal/database/data.go:127.16,129.3 1 0
gophkeeper/internal/database/data.go:131.2,131.12 1 0
gophkeeper/internal/database/data.go:135.126,137.16 2 0
gophkeeper/internal/database/data.go:137.16,139.3 1 0
gophkeeper/internal/database/data.go:140.2,144.16 3 0
gophkeeper/internal/database/data.go:144.16,146.3 1 0
gophkeeper/internal/database/data.go:149.2,149.38 1 0
gophkeeper/internal/database/data.go:149.38,152.59 2 0
gophkeeper/internal/database/data.go:152.59,154.4 1 0
gophkeeper/internal/database/data.go:156.3,156.26 1 0
gophkeeper/internal/database/data.go:156.26,160.59 3 0
gophkeeper/internal/database/data.go:160.59,162.5 1 0
gophkeeper/internal/database/data.go:163.9,165.49 1 0
gophkeeper/internal/database/data.go:165.49,168.60 3 0
gophkeeper/internal/database/data.go:168.60,170.6 1 0
gophkeeper/internal/database/data.go:175.2,175.36 1 0
gophkeeper/internal/database/data.go:175.36,177.3 1 0
gophkeeper/internal/database/data.go:179.2,179.24 1 0
gophkeeper/internal/database/database.go:17.50,19.16 2 0
gophkeeper/internal/database/database.go:19.16,21.3 1 0
gophkeeper/internal/database/database.go:23.2,23.36 1 0
gophkeeper/internal/database/database.go:23.36,25.3 1 0
gophkeeper/internal/database/database.go:27.2,28.42 2 0
gophkeeper/internal/database/database.go:28.42,30.3 1 0
gophkeeper/internal/database/database.go:32.2,32.16 1 0
gophkeeper/internal/database/database.go:36.29,38.2 1 0
gophkeeper/internal/database/database.go:41.36,67.32 2 0
gophkeeper/internal/database/database.go:67.32,68.48 1 0
gophkeeper/internal/database/database.go:68.48,70.4 1 0
gophkeeper/internal/database/database.go:73.2,73.12 1 0
gophkeeper/internal/database/user.go:13.51,19.16 4 0
gophkeeper/internal/database/user.go:19.16,21.3 1 0
gophkeeper/internal/database/user.go:23.2,25.12 3 0
gophkeeper/internal/database/user.go:29.72,39.16 4 0
gophkeeper/internal/database/user.go:39.16,40.27 1 0
gophkeeper/internal/database/user.go:40.27,42.4 1 0
gophkeeper/internal/database/user.go:43.3,43.56 1 0
gophkeeper/internal/database/user.go:46.2,46.18 1 0
gophkeeper/internal/database/user.go:50.66,60.16 4 0
gophkeeper/internal/database/user.go:60.16,61.27 1 0
gophkeeper/internal/database/user.go:61.27,63.4 1 0
gophkeeper/internal/database/user.go:64.3,64.56 1 0
gophkeeper/internal/database/user.go:67.2,67.18 1 0
gophkeeper/internal/database/user.go:71.60,81.16 4 0
gophkeeper/internal/database/user.go:81.16,82.27 1 0
gophkeeper/internal/database/user.go:82.27,84.4 1 0
gophkeeper/internal/database/user.go:85.3,85.56 1 0
gophkeeper/internal/database/user.go:88.2,88.18 1 0
gophkeeper/internal/database/user.go:92.51,98.16 4 0
gophkeeper/internal/database/user.go:98.16,100.3 1 0
gophkeeper/internal/database/user.go:102.2,102.12 1 0
gophkeeper/internal/database/user.go:106.43,110.16 3 0
gophkeeper/internal/database/user.go:110.16,112.3 1 0
gophkeeper/internal/database/user.go:114.2,114.12 1 0
gophkeeper/internal/server/auth.go:20.82,25.2 1 0
gophkeeper/internal/server/auth.go:28.99,31.16 2 0
gophkeeper/internal/server/auth.go:31.16,33.3 1 0
gophkeeper/internal/server/auth.go:36.2,37.16 2 0
gophkeeper/internal/server/auth.go:37.16,39.3 1 0
gophkeeper/internal/server/auth.go:42.2,43.16 2 0
gophkeeper/internal/server/auth.go:43.16,45.3 1 0
gophkeeper/internal/server/auth.go:48.2,55.46 2 0
gophkeeper/internal/server/auth.go:55.46,57.3 1 0
gophkeeper/internal/server/auth.go:60.2,61.16 2 0
gophkeeper/internal/server/auth.go:61.16,63.3 1 0
gophkeeper/internal/server/auth.go:66.2,72.22 2 0
gophkeeper/internal/server/auth.go:76.89,79.16 2 0
gophkeeper/internal/server/auth.go:79.16,81.3 1 0
gophkeeper/internal/server/auth.go:84.2,85.16 2 0
gophkeeper/internal/server/auth.go:85.16,87.3 1 0
gophkeeper/internal/server/auth.go:89.2,89.12 1 0
gophkeeper/internal/server/auth.go:89.12,91.3 1 0
gophkeeper/internal/server/auth.go:94.2,95.16 2 0
gophkeeper/internal/server/auth.go:95.16,97.3 1 0
gophkeeper/internal/server/auth.go:100.2,106.22 2 0
gophkeeper/internal/server/auth.go:110.26,112.2 1 0
gophkeeper/internal/server/data.go:20.80,25.2 1 0
gophkeeper/internal/server/data.go:28.79,30.16 2 0
gophkeeper/internal/server/data.go:30.16,32.3 1 0
gophkeeper/internal/server/data.go:35.2,35.26 1 0
gophkeeper/internal/server/data.go:35.26,36.53 1 0
gophkeeper/internal/server/data.go:36.53,38.4 1 0
gophkeeper/internal/server/data.go:41.2,41.22 1 0
gophkeeper/internal/server/data.go:45.65,47.44 1 0
gophkeeper/internal/server/data.go:47.44,49.3 1 0
gophkeeper/internal/server/data.go:52.2,52.19 1 0
gophkeeper/internal/server/data.go:52.19,54.3 1 0
gophkeeper/internal/server/data.go:57.2,59.52 2 0
gophkeeper/internal/server/data.go:59.52,61.3 1 0
gophkeeper/internal/server/data.go:63.2,63.12 1 0
gophkeeper/internal/server/data.go:67.65,69.44 1 0
gophkeeper/internal/server/data.go:69.44,71.3 1 0
gophkeeper/internal/server/data.go:73.2,73.52 1 0
gophkeeper/internal/server/data.go:73.52,75.3 1 0
gophkeeper/internal/server/data.go:77.2,77.12 1 0
gophkeeper/internal/server/data.go:81.63,84.16 2 0
gophkeeper/internal/server/data.go:84.16,86.3 1 0
gophkeeper/internal/server/data.go:88.2,88.27 1 0
gophkeeper/internal/server/data.go:88.27,90.3 1 0
gophkeeper/internal/server/data.go:92.2,92.54 1 0
gophkeeper/internal/server/data.go:92.54,94.3 1 0
gophkeeper/internal/server/data.go:96.2,96.12 1 0
gophkeeper/internal/server/data.go:100.110,102.26 1 0
gophkeeper/internal/server/data.go:102.26,103.53 1 0
gophkeeper/internal/server/data.go:103.53,105.4 1 0
gophkeeper/internal/server/data.go:109.2,110.16 2 0
gophkeeper/internal/server/data.go:110.16,112.3 1 0
gophkeeper/internal/server/data.go:115.2,115.28 1 0
gophkeeper/internal/server/data.go:115.28,116.55 1 0
gophkeeper/internal/server/data.go:116.55,118.4 1 0
gophkeeper/internal/server/data.go:121.2,126.22 2 0
gophkeeper/internal/server/data.go:130.66,132.16 2 0
gophkeeper/internal/server/data.go:132.16,134.3 1 0
gophkeeper/internal/server/data.go:135.2,136.12 2 0
gophkeeper/internal/server/data.go:140.66,142.16 2 0
gophkeeper/internal/server/data.go:142.16,144.3 1 0
gophkeeper/internal/server/data.go:145.2,146.12 2 0
gophkeeper/internal/server/server.go:25.74,39.2 5 0
gophkeeper/internal/server/server.go:42.68,48.27 4 0
gophkeeper/internal/server/server.go:48.27,51.3 2 0
gophkeeper/internal/server/server.go:54.2,59.9 3 0
gophkeeper/internal/server/server.go:60.49,61.25 1 0
gophkeeper/internal/server/server.go:62.46,63.22 1 0
gophkeeper/internal/server/server.go:64.44,65.24 1 0
gophkeeper/internal/server/server.go:66.45,67.27 1 0
gophkeeper/internal/server/server.go:68.44,69.27 1 0
gophkeeper/internal/server/server.go:70.47,71.27 1 0
gophkeeper/internal/server/server.go:72.45,73.25 1 0
gophkeeper/internal/server/server.go:74.10,75.60 1 0
gophkeeper/internal/server/server.go:80.73,82.61 2 0
gophkeeper/internal/server/server.go:82.61,85.3 2 0
gophkeeper/internal/server/server.go:87.2,88.16 2 0
gophkeeper/internal/server/server.go:88.16,91.3 2 0
gophkeeper/internal/server/server.go:93.2,93.37 1 0
gophkeeper/internal/server/server.go:97.70,99.61 2 0
gophkeeper/internal/server/server.go:99.61,102.3 2 0
gophkeeper/internal/server/server.go:104.2,105.16 2 0
gophkeeper/internal/server/server.go:105.16,108.3 2 0
gophkeeper/internal/server/server.go:110.2,110.37 1 0
gophkeeper/internal/server/server.go:114.72,116.16 2 0
gophkeeper/internal/server/server.go:116.16,119.3 2 0
gophkeeper/internal/server/server.go:121.2,122.16 2 0
gophkeeper/internal/server/server.go:122.16,125.3 2 0
gophkeeper/internal/server/server.go:127.2,127.33 1 0
gophkeeper/internal/server/server.go:131.75,133.16 2 0
gophkeeper/internal/server/server.go:133.16,136.3 2 0
gophkeeper/internal/server/server.go:138.2,139.62 2 0
gophkeeper/internal/server/server.go:139.62,142.3 2 0
gophkeeper/internal/server/server.go:144.2,145.56 2 0
gophkeeper/internal/server/server.go:145.56,148.3 2 0
gophkeeper/internal/server/server.go:150.2,150.33 1 0
gophkeeper/internal/server/server.go:154.75,156.16 2 0
gophkeeper/internal/server/server.go:156.16,159.3 2 0
gophkeeper/internal/server/server.go:161.2,162.62 2 0
gophkeeper/internal/server/server.go:162.62,165.3 2 0
gophkeeper/internal/server/server.go:167.2,168.56 2 0
gophkeeper/internal/server/server.go:168.56,171.3 2 0
gophkeeper/internal/server/server.go:173.2,173.33 1 0
gophkeeper/internal/server/server.go:177.75,179.16 2 0
gophkeeper/internal/server/server.go:179.16,182.3 2 0
gophkeeper/internal/server/server.go:184.2,185.18 2 0
gophkeeper/internal/server/server.go:185.18,188.3 2 0
gophkeeper/internal/server/server.go:190.2,190.65 1 0
gophkeeper/internal/server/server.go:190.65,193.3 2 0
gophkeeper/internal/server/server.go:195.2,195.86 1 0
gophkeeper/internal/server/server.go:199.73,201.16 2 0
gophkeeper/internal/server/server.go:201.16,204.3 2 0
gophkeeper/internal/server/server.go:206.2,207.61 2 0
gophkeeper/internal/server/server.go:207.61,210.3 2 0
gophkeeper/internal/server/server.go:212.2,213.16 2 0
gophkeeper/internal/server/server.go:213.16,216.3 2 0
gophkeeper/internal/server/server.go:218.2,218.37 1 0
gophkeeper/internal/server/server.go:222.70,224.22 2 0
gophkeeper/internal/server/server.go:224.22,226.3 1 0
gophkeeper/internal/server/server.go:228.2,229.25 2 0
gophkeeper/internal/server/server.go:229.25,231.3 1 0
gophkeeper/internal/server/server.go:233.2,234.16 2 0
gophkeeper/internal/server/server.go:234.16,236.3 1 0
gophkeeper/internal/server/server.go:238.2,238.27 1 0
gophkeeper/internal/server/server.go:242.80,245.2 2 0
gophkeeper/internal/server/server.go:248.92,252.2 3 0
gophkeeper/cmd/server/main.go:14.13,33.16 5 0
gophkeeper/cmd/server/main.go:33.16,35.3 1 0
gophkeeper/cmd/server/main.go:36.2,44.43 5 0
gophkeeper/cmd/client/main.go:18.13,26.18 3 0
gophkeeper/cmd/client/main.go:26.18,30.3 3 0
gophkeeper/cmd/client/main.go:33.2,33.22 1 0
gophkeeper/cmd/client/main.go:33.22,35.17 2 0
gophkeeper/cmd/client/main.go:35.17,37.4 1 0
gophkeeper/cmd/client/main.go:38.3,38.40 1 0
gophkeeper/cmd/client/main.go:42.2,43.16 2 0
gophkeeper/cmd/client/main.go:43.16,45.3 1 0
gophkeeper/cmd/client/main.go:48.2,48.22 1 0
gophkeeper/cmd/client/main.go:48.22,51.3 2 0
gophkeeper/cmd/client/main.go:53.2,56.17 3 0
gophkeeper/cmd/client/main.go:57.18,58.20 1 0
gophkeeper/cmd/client/main.go:58.20,61.4 2 0
gophkeeper/cmd/client/main.go:62.3,62.65 1 0
gophkeeper/cmd/client/main.go:62.65,64.4 1 0
gophkeeper/cmd/client/main.go:65.3,65.42 1 0
gophkeeper/cmd/client/main.go:67.15,68.20 1 0
gophkeeper/cmd/client/main.go:68.20,71.4 2 0
gophkeeper/cmd/client/main.go:72.3,72.53 1 0
gophkeeper/cmd/client/main.go:72.53,74.4 1 0
gophkeeper/cmd/client/main.go:75.3,75.35 1 0
gophkeeper/cmd/client/main.go:77.13,78.20 1 0
gophkeeper/cmd/client/main.go:78.20,82.4 3 0
gophkeeper/cmd/client/main.go:83.3,83.65 1 0
gophkeeper/cmd/client/main.go:83.65,85.4 1 0
gophkeeper/cmd/client/main.go:86.3,86.42 1 0
gophkeeper/cmd/client/main.go:88.14,89.40 1 0
gophkeeper/cmd/client/main.go:89.40,91.4 1 0
gophkeeper/cmd/client/main.go:93.13,94.20 1 0
gophkeeper/cmd/client/main.go:94.20,97.4 2 0
gophkeeper/cmd/client/main.go:98.3,98.46 1 0
gophkeeper/cmd/client/main.go:98.46,100.4 1 0
gophkeeper/cmd/client/main.go:102.16,103.20 1 0
gophkeeper/cmd/client/main.go:103.20,106.4 2 0
gophkeeper/cmd/client/main.go:107.3,107.49 1 0
gophkeeper/cmd/client/main.go:107.49,109.4 1 0
gophkeeper/cmd/client/main.go:110.3,110.44 1 0
gophkeeper/cmd/client/main.go:112.14,113.40 1 0
gophkeeper/cmd/client/main.go:113.40,115.4 1 0
gophkeeper/cmd/client/main.go:116.3,116.49 1 0
gophkeeper/cmd/client/main.go:118.14,119.13 1 0
gophkeeper/cmd/client/main.go:121.10,124.13 3 0
gophkeeper/cmd/client/main.go:128.17,147.2 18 0
gophkeeper/internal/client/client.go:30.62,32.53 1 0
gophkeeper/internal/client/client.go:32.53,34.3 1 0
gophkeeper/internal/client/client.go:37.2,38.39 2 0
gophkeeper/internal/client/client.go:38.39,40.3 1 0
gophkeeper/internal/client/client.go:42.2,48.8 1 0
gophkeeper/internal/client/client.go:52.67,60.82 3 0
gophkeeper/internal/client/client.go:60.82,62.3 1 0
gophkeeper/internal/client/client.go:64.2,68.38 3 0
gophkeeper/internal/client/client.go:68.38,70.3 1 0
gophkeeper/internal/client/client.go:72.2,72.12 1 0
gophkeeper/internal/client/client.go:76.57,83.79 3 0
gophkeeper/internal/client/client.go:83.79,85.3 1 0
gophkeeper/internal/client/client.go:87.2,91.38 3 0
gophkeeper/internal/client/client.go:91.38,93.3 1 0
gophkeeper/internal/client/client.go:95.2,95.12 1 0
gophkeeper/internal/client/client.go:99.71,100.19 1 0
gophkeeper/internal/client/client.go:100.19,102.3 1 0
gophkeeper/internal/client/client.go:104.2,109.35 4 0
gophkeeper/internal/client/client.go:110.36,111.20 1 0
gophkeeper/internal/client/client.go:111.20,113.4 1 0
gophkeeper/internal/client/client.go:114.3,118.20 2 0
gophkeeper/internal/client/client.go:118.20,120.4 1 0
gophkeeper/internal/client/client.go:121.3,121.20 1 0
gophkeeper/internal/client/client.go:121.20,123.4 1 0
gophkeeper/internal/client/client.go:124.3,125.29 2 0
gophkeeper/internal/client/client.go:127.27,128.21 1 0
gophkeeper/internal/client/client.go:128.21,130.4 1 0
gophkeeper/internal/client/client.go:131.3,131.36 1 0
gophkeeper/internal/client/client.go:133.31,134.20 1 0
gophkeeper/internal/client/client.go:134.20,136.4 1 0
gophkeeper/internal/client/client.go:137.3,143.20 2 0
gophkeeper/internal/client/client.go:143.20,145.4 1 0
gophkeeper/internal/client/client.go:146.3,146.20 1 0
gophkeeper/internal/client/client.go:146.20,148.4 1 0
gophkeeper/internal/client/client.go:149.3,150.29 2 0
gophkeeper/internal/client/client.go:152.10,153.59 1 0
gophkeeper/internal/client/client.go:156.2,156.87 1 0
gophkeeper/internal/client/client.go:156.87,158.3 1 0
gophkeeper/internal/client/client.go:160.2,160.12 1 0
gophkeeper/internal/client/client.go:164.35,165.19 1 0
gophkeeper/internal/client/client.go:165.19,167.3 1 0
gophkeeper/internal/client/client.go:169.2,170.77 2 0
gophkeeper/internal/client/client.go:170.77,172.3 1 0
gophkeeper/internal/client/client.go:174.2,174.24 1 0
gophkeeper/internal/client/client.go:174.24,177.3 2 0
gophkeeper/internal/client/client.go:179.2,182.32 3 0
gophkeeper/internal/client/client.go:182.32,185.3 1 0
gophkeeper/internal/client/client.go:187.2,187.12 1 0
gophkeeper/internal/client/client.go:191.43,192.19 1 0
gophkeeper/internal/client/client.go:192.19,194.3 1 0
gophkeeper/internal/client/client.go:196.2,197.77 2 0
gophkeeper/internal/client/client.go:197.77,199.3 1 0
gophkeeper/internal/client/client.go:201.2,202.32 2 0
gophkeeper/internal/client/client.go:202.32,203.20 1 0
gophkeeper/internal/client/client.go:203.20,205.9 2 0
gophkeeper/internal/client/client.go:209.2,209.22 1 0
gophkeeper/internal/client/client.go:209.22,211.3 1 0
gophkeeper/internal/client/client.go:213.2,217.30 5 0
gophkeeper/internal/client/client.go:217.30,219.3 1 0
gophkeeper/internal/client/client.go:220.2,222.12 2 0
gophkeeper/internal/client/client.go:226.46,227.19 1 0
gophkeeper/internal/client/client.go:227.19,229.3 1 0
gophkeeper/internal/client/client.go:231.2,233.16 3 0
gophkeeper/internal/client/client.go:233.16,235.3 1 0
gophkeeper/internal/client/client.go:237.2,241.16 4 0
gophkeeper/internal/client/client.go:241.16,243.3 1 0
gophkeeper/internal/client/client.go:244.2,246.38 2 0
gophkeeper/internal/client/client.go:246.38,249.3 2 0
gophkeeper/internal/client/client.go:251.2,251.12 1 0
gophkeeper/internal/client/client.go:255.35,256.19 1 0
gophkeeper/internal/client/client.go:256.19,258.3 1 0
gophkeeper/internal/client/client.go:261.2,262.16 2 0
gophkeeper/internal/client/client.go:262.16,264.3 1 0
gophkeeper/internal/client/client.go:266.2,272.78 3 0
gophkeeper/internal/client/client.go:272.78,274.3 1 0
gophkeeper/internal/client/client.go:277.2,277.55 1 0
gophkeeper/internal/client/client.go:277.55,279.3 1 0
gophkeeper/internal/client/client.go:282.2,284.12 2 0
gophkeeper/internal/client/client.go:288.95,290.17 2 0
gophkeeper/internal/client/client.go:290.17,292.17 2 0
gophkeeper/internal/client/client.go:292.17,294.4 1 0
gophkeeper/internal/client/client.go:295.3,295.38 1 0
gophkeeper/internal/client/client.go:298.2,299.16 2 0
gophkeeper/internal/client/client.go:299.16,301.3 1 0
gophkeeper/internal/client/client.go:303.2,304.19 2 0
gophkeeper/internal/client/client.go:304.19,306.3 1 0
gophkeeper/internal/client/client.go:308.2,309.16 2 0
gophkeeper/internal/client/client.go:309.16,311.3 1 0
gophkeeper/internal/client/client.go:312.2,315.16 3 0
gophkeeper/internal/client/client.go:315.16,317.3 1 0
gophkeeper/internal/client/client.go:319.2,319.28 1 0
gophkeeper/internal/client/client.go:319.28,321.62 2 0
gophkeeper/internal/client/client.go:321.62,323.4 1 0
gophkeeper/internal/client/client.go:324.3,324.92 1 0
gophkeeper/internal/client/client.go:327.2,327.19 1 0
gophkeeper/internal/client/client.go:327.19,328.58 1 0
gophkeeper/internal/client/client.go:328.58,330.4 1 0
gophkeeper/internal/client/client.go:333.2,333.12 1 0
gophkeeper/internal/client/client.go:337.36,340.2 2 0
gophkeeper/internal/client/client.go:343.50,346.16 3 0
gophkeeper/internal/client/client.go:346.16,348.3 1 0
gophkeeper/internal/client/client.go:349.2,349.26 1 0
gophkeeper/internal/client/client.go:353.63,356.16 3 0
gophkeeper/internal/client/client.go:356.16,357.25 1 0
gophkeeper/internal/client/client.go:357.25,359.4 1 0
gophkeeper/internal/client/client.go:360.3,360.18 1 0
gophkeeper/internal/client/client.go:363.2,364.56 2 0
gophkeeper/internal/client/client.go:364.56,366.3 1 0
gophkeeper/internal/client/client.go:368.2,368.22 1 0
gophkeeper/internal/client/client.go:372.68,375.16 3 0
gophkeeper/internal/client/client.go:375.16,377.3 1 0
gophkeeper/internal/client/client.go:379.2,379.47 1 0
gophkeeper/internal/client/client.go:383.46,386.16 3 0
gophkeeper/internal/client/client.go:386.16,388.3 1 0
gophkeeper/internal/client/client.go:390.2,391.56 2 0
gophkeeper/internal/client/client.go:391.56,393.3 1 0
gophkeeper/internal/client/client.go:395.2,395.17 1 0
gophkeeper/internal/client/client.go:399.56,402.16 3 0
gophkeeper/internal/client/client.go:402.16,404.3 1 0
gophkeeper/internal/client/client.go:406.2,406.47 1 0
